<?xml version="1.0" encoding="UTF-8"?>
<!-- Generated by org.testng.reporters.JUnitReportReporter -->
<testsuite hostname="ANANDASBEASTLAPTOP" name="readJsonFiles_Practicing.A_1Program" tests="1" failures="0" timestamp="12 May 2023 02:02:35 GMT" time="0.549" errors="0">
  <testcase name="readingBasicJson" time="0.549" classname="readJsonFiles_Practicing.A_1Program"/>
</testsuite> <!-- readJsonFiles_Practicing.A_1Program -->
